2020-11-05 07:45:52,464 - (RESULT)Added Philadelphia County to PA
2020-11-05 07:45:52,464 - (RESULT)
Results Report:
2020-11-05 07:45:52,464 - (RESULT)As of: 11/5 at 7:45 in Philadelphia County

2020-11-05 07:45:52,464 - (RESULT)Biden: 457773
Trump: 113781
Biden leads by 343992
2020-11-05 07:45:52,465 - (RESULT)Method 1:
----------------
2020-11-05 07:45:52,465 - (RESULT)Biden is expected extend his lead by 147,425 votes to a total of 491,417

2020-11-05 07:45:52,465 - (RESULT)Method 2:
----------------
2020-11-05 07:45:52,465 - (RESULT)Biden is expected to extend his vote count by 196,188 to a total of 653,961
2020-11-05 07:45:52,465 - (RESULT)Trump is expected to extend his vote count by 48,763 to a total of 162,544

2020-11-05 07:45:52,466 - (RESULT)This would extend Biden's lead by 147,425 to a total of 491,417

2020-11-05 07:45:52,466 - county name: Philadelphia
2020-11-05 07:45:52,466 - current biden votes: 457773
2020-11-05 07:45:52,466 - expected biden total: 653961
2020-11-05 07:45:52,466 - current trump votes: 113781
2020-11-05 07:45:52,466 - expected trump total: 162544
2020-11-05 07:46:03,903 - (RESULT)Predictions accounted for in Philadelphia county:
2020-11-05 07:46:03,904 - (RESULT)
Expected vote tally in PA stands as:
2020-11-05 07:46:03,904 - (RESULT)Biden: 3509328
2020-11-05 07:46:03,904 - (RESULT)Trump: 3329750

2020-11-05 07:46:03,904 - (RESULT)Biden leads by 179578

