2020-11-05 07:40:22,730 - (RESULT)the expected vote tally stands as:
2020-11-05 07:40:22,730 - (RESULT)Biden: 3051555
2020-11-05 07:40:22,730 - (RESULT)Trump: 3215969

2020-11-05 07:40:56,920 - (RESULT)the expected vote tally stands as:
2020-11-05 07:40:56,920 - (RESULT)Biden: 3051555
2020-11-05 07:40:56,920 - (RESULT)Trump: 3215969

2020-11-05 07:40:56,920 - (RESULT)Trump leads by 164414

2020-11-05 07:41:57,375 - (RESULT)
Results Report:
2020-11-05 07:41:57,375 - (RESULT)As of: 11/5 at 7:41 in Philadelphia County

2020-11-05 07:41:57,375 - (RESULT)Biden: 457773
Trump: 113781
Biden leads by 343992
2020-11-05 07:41:57,376 - (RESULT)Method 1:
----------------
2020-11-05 07:41:57,376 - (RESULT)Biden is expected extend his lead by 147,425 votes to a total of 491,417

2020-11-05 07:41:57,376 - (RESULT)Method 2:
----------------
2020-11-05 07:41:57,376 - (RESULT)Biden is expected to extend his vote count by 196,188 to a total of 653,961
2020-11-05 07:41:57,376 - (RESULT)Trump is expected to extend his vote count by 48,763 to a total of 162,544

2020-11-05 07:41:57,377 - (RESULT)This would extend Biden's lead by 147,425 to a total of 491,417

2020-11-05 07:41:57,377 - county name: Philadelphia
2020-11-05 07:41:57,377 - current biden votes: 457773
2020-11-05 07:41:57,377 - expected biden total: 653961
2020-11-05 07:41:57,377 - current trump votes: 113781
2020-11-05 07:41:57,377 - expected trump total: 162544
2020-11-05 07:42:16,614 - (RESULT)the expected vote tally stands as:
2020-11-05 07:42:16,615 - (RESULT)Biden: 3051555
2020-11-05 07:42:16,615 - (RESULT)Trump: 3215969

2020-11-05 07:42:16,615 - (RESULT)Trump leads by 164414

